<?xml version="1.0" encoding="UTF-8"?>
<testng-results ignored="0" total="3" passed="3" failed="0" skipped="0">
  <reporter-output>
  </reporter-output>
  <suite started-at="2023-10-06T19:50:22 PDT" name="Suite" finished-at="2023-10-06T19:51:13 PDT" duration-ms="51339">
    <groups>
      <group name="Smoke">
        <method signature="EcommerceTestCases.fillForm(java.lang.String,java.lang.String,java.lang.String)[pri:0, instance:MobileScripts.EcommerceTestCases@72437d8d]" name="fillForm" class="MobileScripts.EcommerceTestCases"/>
      </group> <!-- Smoke -->
    </groups>
    <test started-at="2023-10-06T19:50:22 PDT" name="End to End Test case" finished-at="2023-10-06T19:50:55 PDT" duration-ms="33438">
      <class name="MobileScripts.EcommerceTestCases">
        <test-method is-config="true" signature="androidLaunchTest()[pri:0, instance:MobileScripts.EcommerceTestCases@72437d8d]" started-at="2023-10-06T19:50:22 PDT" name="androidLaunchTest" finished-at="2023-10-06T19:50:35 PDT" duration-ms="13364" status="PASS">
          <reporter-output>
          </reporter-output>
        </test-method> <!-- androidLaunchTest -->
        <test-method signature="fillForm(java.lang.String,java.lang.String,java.lang.String)[pri:0, instance:MobileScripts.EcommerceTestCases@72437d8d]" started-at="2023-10-06T19:50:35 PDT" name="fillForm" data-provider="getData" finished-at="2023-10-06T19:50:55 PDT" duration-ms="19222" status="PASS">
          <params>
            <param index="0">
              <value>
                <![CDATA[Aswini]]>
              </value>
            </param>
            <param index="1">
              <value>
                <![CDATA[female]]>
              </value>
            </param>
            <param index="2">
              <value>
                <![CDATA[Argentina]]>
              </value>
            </param>
          </params>
          <reporter-output>
          </reporter-output>
        </test-method> <!-- fillForm -->
        <test-method is-config="true" signature="tearDown()[pri:0, instance:MobileScripts.EcommerceTestCases@72437d8d]" started-at="2023-10-06T19:50:55 PDT" name="tearDown" finished-at="2023-10-06T19:50:55 PDT" duration-ms="809" status="PASS">
          <reporter-output>
          </reporter-output>
        </test-method> <!-- tearDown -->
      </class> <!-- MobileScripts.EcommerceTestCases -->
    </test> <!-- End to End Test case -->
    <test started-at="2023-10-06T19:50:56 PDT" name="Error Validation Test Case" finished-at="2023-10-06T19:51:13 PDT" duration-ms="17573">
      <class name="MobileScripts.EcommerceErrorValidationTestCases">
        <test-method is-config="true" signature="androidLaunchTest()[pri:0, instance:MobileScripts.EcommerceErrorValidationTestCases@62ef27a8]" started-at="2023-10-06T19:50:56 PDT" name="androidLaunchTest" finished-at="2023-10-06T19:51:01 PDT" duration-ms="5649" status="PASS">
          <reporter-output>
          </reporter-output>
        </test-method> <!-- androidLaunchTest -->
        <test-method signature="fillFormErrorValidation()[pri:0, instance:MobileScripts.EcommerceErrorValidationTestCases@62ef27a8]" started-at="2023-10-06T19:51:01 PDT" name="fillFormErrorValidation" finished-at="2023-10-06T19:51:06 PDT" duration-ms="4713" status="PASS">
          <reporter-output>
          </reporter-output>
        </test-method> <!-- fillFormErrorValidation -->
        <test-method signature="fillFormHappyPath()[pri:0, instance:MobileScripts.EcommerceErrorValidationTestCases@62ef27a8]" started-at="2023-10-06T19:51:06 PDT" name="fillFormHappyPath" finished-at="2023-10-06T19:51:13 PDT" duration-ms="6707" status="PASS">
          <reporter-output>
          </reporter-output>
        </test-method> <!-- fillFormHappyPath -->
        <test-method is-config="true" signature="tearDown()[pri:0, instance:MobileScripts.EcommerceErrorValidationTestCases@62ef27a8]" started-at="2023-10-06T19:51:13 PDT" name="tearDown" finished-at="2023-10-06T19:51:13 PDT" duration-ms="499" status="PASS">
          <reporter-output>
          </reporter-output>
        </test-method> <!-- tearDown -->
      </class> <!-- MobileScripts.EcommerceErrorValidationTestCases -->
    </test> <!-- Error Validation Test Case -->
  </suite> <!-- Suite -->
</testng-results>
