<?xml version="1.0" encoding="UTF-8"?>
<!-- Generated by org.testng.reporters.JUnitXMLReporter -->
<testsuite ignored="0" hostname="aswini" failures="0" tests="2" name="Error Validation Test Case" time="17.573" errors="0" timestamp="2023-10-06T19:51:13 PDT">
  <testcase classname="MobileScripts.EcommerceErrorValidationTestCases" name="fillFormErrorValidation" time="4.713"/>
  <testcase classname="MobileScripts.EcommerceErrorValidationTestCases" name="fillFormHappyPath" time="6.707"/>
</testsuite> <!-- Error Validation Test Case -->
