<?xml version="1.0" encoding="UTF-8"?>
<!-- Generated by org.testng.reporters.JUnitXMLReporter -->
<testsuite ignored="0" hostname="aswini" failures="0" tests="2" name="Error Validation Test Case" time="14.844" errors="0" timestamp="2023-09-28T11:29:54 PDT">
  <testcase classname="MobileScripts.EcommerceErrorValidationTestCases" name="fillFormErrorValidation" time="4.458"/>
  <testcase classname="MobileScripts.EcommerceErrorValidationTestCases" name="fillFormHappyPath" time="6.012"/>
</testsuite> <!-- Error Validation Test Case -->
