<?xml version="1.0" encoding="UTF-8"?>
<testng-results ignored="0" total="3" passed="3" failed="0" skipped="0">
  <reporter-output>
  </reporter-output>
  <suite started-at="2023-09-28T11:29:12 PDT" name="Suite" finished-at="2023-09-28T11:29:54 PDT" duration-ms="42815">
    <groups>
      <group name="Smoke">
        <method signature="EcommerceTestCases.fillForm(java.lang.String,java.lang.String,java.lang.String)[pri:0, instance:MobileScripts.EcommerceTestCases@31ff43be]" name="fillForm" class="MobileScripts.EcommerceTestCases"/>
      </group> <!-- Smoke -->
    </groups>
    <test started-at="2023-09-28T11:29:12 PDT" name="End to End Test case" finished-at="2023-09-28T11:29:39 PDT" duration-ms="27581">
      <class name="MobileScripts.EcommerceTestCases">
        <test-method is-config="true" signature="androidLaunchTest()[pri:0, instance:MobileScripts.EcommerceTestCases@31ff43be]" started-at="2023-09-28T11:29:12 PDT" name="androidLaunchTest" finished-at="2023-09-28T11:29:19 PDT" duration-ms="7548" status="PASS">
          <reporter-output>
          </reporter-output>
        </test-method> <!-- androidLaunchTest -->
        <test-method signature="fillForm(java.lang.String,java.lang.String,java.lang.String)[pri:0, instance:MobileScripts.EcommerceTestCases@31ff43be]" started-at="2023-09-28T11:29:19 PDT" name="fillForm" data-provider="getData" finished-at="2023-09-28T11:29:39 PDT" duration-ms="19566" status="PASS">
          <params>
            <param index="0">
              <value>
                <![CDATA[Aswini]]>
              </value>
            </param>
            <param index="1">
              <value>
                <![CDATA[female]]>
              </value>
            </param>
            <param index="2">
              <value>
                <![CDATA[Argentina]]>
              </value>
            </param>
          </params>
          <reporter-output>
          </reporter-output>
        </test-method> <!-- fillForm -->
        <test-method is-config="true" signature="tearDown()[pri:0, instance:MobileScripts.EcommerceTestCases@31ff43be]" started-at="2023-09-28T11:29:39 PDT" name="tearDown" finished-at="2023-09-28T11:29:39 PDT" duration-ms="415" status="PASS">
          <reporter-output>
          </reporter-output>
        </test-method> <!-- tearDown -->
      </class> <!-- MobileScripts.EcommerceTestCases -->
    </test> <!-- End to End Test case -->
    <test started-at="2023-09-28T11:29:40 PDT" name="Error Validation Test Case" finished-at="2023-09-28T11:29:54 PDT" duration-ms="14844">
      <class name="MobileScripts.EcommerceErrorValidationTestCases">
        <test-method is-config="true" signature="androidLaunchTest()[pri:0, instance:MobileScripts.EcommerceErrorValidationTestCases@3abada5a]" started-at="2023-09-28T11:29:40 PDT" name="androidLaunchTest" finished-at="2023-09-28T11:29:44 PDT" duration-ms="4086" status="PASS">
          <reporter-output>
          </reporter-output>
        </test-method> <!-- androidLaunchTest -->
        <test-method signature="fillFormErrorValidation()[pri:0, instance:MobileScripts.EcommerceErrorValidationTestCases@3abada5a]" started-at="2023-09-28T11:29:44 PDT" name="fillFormErrorValidation" finished-at="2023-09-28T11:29:48 PDT" duration-ms="4458" status="PASS">
          <reporter-output>
          </reporter-output>
        </test-method> <!-- fillFormErrorValidation -->
        <test-method signature="fillFormHappyPath()[pri:0, instance:MobileScripts.EcommerceErrorValidationTestCases@3abada5a]" started-at="2023-09-28T11:29:48 PDT" name="fillFormHappyPath" finished-at="2023-09-28T11:29:54 PDT" duration-ms="6012" status="PASS">
          <reporter-output>
          </reporter-output>
        </test-method> <!-- fillFormHappyPath -->
        <test-method is-config="true" signature="tearDown()[pri:0, instance:MobileScripts.EcommerceErrorValidationTestCases@3abada5a]" started-at="2023-09-28T11:29:54 PDT" name="tearDown" finished-at="2023-09-28T11:29:54 PDT" duration-ms="286" status="PASS">
          <reporter-output>
          </reporter-output>
        </test-method> <!-- tearDown -->
      </class> <!-- MobileScripts.EcommerceErrorValidationTestCases -->
    </test> <!-- Error Validation Test Case -->
  </suite> <!-- Suite -->
</testng-results>
