<?xml version="1.0" encoding="UTF-8"?>
<testsuite xmlns:xsi="http://www.w3.org/2001/XMLSchema-instance" xsi:noNamespaceSchemaLocation="https://maven.apache.org/surefire/maven-surefire-plugin/xsd/surefire-test-report-3.0.xsd" version="3.0" name="TestSuite" time="43.861" tests="3" errors="0" skipped="0" failures="0">
  <properties>
[...]
</properties>
  <testcase name="fillForm[Aswini, female, Argentina](1)" classname="MobileScripts.EcommerceTestCases" time="19.555">
    <system-out><![CDATA[127.0.0.1:4723
]]></system-out>
    <system-err><![CDATA[SLF4J: No SLF4J providers were found.
SLF4J: Defaulting to no-operation (NOP) logger implementation
SLF4J: See https://www.slf4j.org/codes.html#noProviders for further details.
]]></system-err>
  </testcase>
  <testcase name="fillFormErrorValidation" classname="MobileScripts.EcommerceErrorValidationTestCases" time="4.458">
    <system-out><![CDATA[127.0.0.1:4723
]]></system-out>
  </testcase>
  <testcase name="fillFormHappyPath" classname="MobileScripts.EcommerceErrorValidationTestCases" time="6.012"/>
</testsuite>